[18-May-2022 22:49:55 +0000]: <rfjn33r9> PHP Error: Connection refused (POST /roundcubemail/?_task=mail&_unlock=loading1652914195337&_framed=1&_lang=en_GB&_action=send)
[18-May-2022 22:49:55 +0000]: <rfjn33r9> PHP Error: Failed to connect socket: Connection refused (POST /roundcubemail/?_task=mail&_unlock=loading1652914195337&_framed=1&_lang=en_GB&_action=send)
[18-May-2022 22:49:55 +0000]: <rfjn33r9> SMTP Error: Connection failed: Failed to connect socket: Connection refused in /var/www/html/roundcubemail/program/lib/Roundcube/rcube.php on line 1702 (POST /roundcubemail/?_task=mail&_unlock=loading1652914195337&_framed=1&_lang=en_GB&_action=send)
[18-May-2022 22:50:04 +0000]: <rfjn33r9> PHP Error: Connection refused (POST /roundcubemail/?_task=mail&_unlock=loading1652914204308&_framed=1&_lang=en_GB&_action=send)
[18-May-2022 22:50:04 +0000]: <rfjn33r9> PHP Error: Failed to connect socket: Connection refused (POST /roundcubemail/?_task=mail&_unlock=loading1652914204308&_framed=1&_lang=en_GB&_action=send)
[18-May-2022 22:50:04 +0000]: <rfjn33r9> SMTP Error: Connection failed: Failed to connect socket: Connection refused in /var/www/html/roundcubemail/program/lib/Roundcube/rcube.php on line 1702 (POST /roundcubemail/?_task=mail&_unlock=loading1652914204308&_framed=1&_lang=en_GB&_action=send)
[18-May-2022 22:50:44 +0000]: <rfjn33r9> PHP Error: Connection refused (POST /roundcubemail/?_task=mail&_unlock=loading1652914245015&_framed=1&_lang=en_GB&_action=send)
[18-May-2022 22:50:44 +0000]: <rfjn33r9> PHP Error: Failed to connect socket: Connection refused (POST /roundcubemail/?_task=mail&_unlock=loading1652914245015&_framed=1&_lang=en_GB&_action=send)
[18-May-2022 22:50:44 +0000]: <rfjn33r9> SMTP Error: Connection failed: Failed to connect socket: Connection refused in /var/www/html/roundcubemail/program/lib/Roundcube/rcube.php on line 1702 (POST /roundcubemail/?_task=mail&_unlock=loading1652914245015&_framed=1&_lang=en_GB&_action=send)
[18-May-2022 22:51:04 +0000]: <rfjn33r9> PHP Error: Connection refused (POST /roundcubemail/?_task=mail&_unlock=loading1652914265019&_framed=1&_lang=en_GB&_action=send)
[18-May-2022 22:51:04 +0000]: <rfjn33r9> PHP Error: Failed to connect socket: Connection refused (POST /roundcubemail/?_task=mail&_unlock=loading1652914265019&_framed=1&_lang=en_GB&_action=send)
[18-May-2022 22:51:04 +0000]: <rfjn33r9> SMTP Error: Connection failed: Failed to connect socket: Connection refused in /var/www/html/roundcubemail/program/lib/Roundcube/rcube.php on line 1702 (POST /roundcubemail/?_task=mail&_unlock=loading1652914265019&_framed=1&_lang=en_GB&_action=send)
[18-May-2022 22:54:40 +0000]: <rfjn33r9> PHP Error: Connection refused (POST /roundcubemail/?_task=mail&_unlock=loading1652914480918&_framed=1&_lang=en_GB&_action=send)
[18-May-2022 22:54:40 +0000]: <rfjn33r9> PHP Error: Failed to connect socket: Connection refused (POST /roundcubemail/?_task=mail&_unlock=loading1652914480918&_framed=1&_lang=en_GB&_action=send)
[18-May-2022 22:54:40 +0000]: <rfjn33r9> SMTP Error: Connection failed: Failed to connect socket: Connection refused in /var/www/html/roundcubemail/program/lib/Roundcube/rcube.php on line 1702 (POST /roundcubemail/?_task=mail&_unlock=loading1652914480918&_framed=1&_lang=en_GB&_action=send)
[18-May-2022 22:56:27 +0000]: <rfjn33r9> PHP Error: Connection refused (POST /roundcubemail/?_task=mail&_unlock=loading1652914587619&_framed=1&_lang=en_GB&_action=send)
[18-May-2022 22:56:27 +0000]: <rfjn33r9> PHP Error: Failed to connect socket: Connection refused (POST /roundcubemail/?_task=mail&_unlock=loading1652914587619&_framed=1&_lang=en_GB&_action=send)
[18-May-2022 22:56:27 +0000]: <rfjn33r9> SMTP Error: Connection failed: Failed to connect socket: Connection refused in /var/www/html/roundcubemail/program/lib/Roundcube/rcube.php on line 1702 (POST /roundcubemail/?_task=mail&_unlock=loading1652914587619&_framed=1&_lang=en_GB&_action=send)
[18-May-2022 22:56:27 +0000]: <rfjn33r9> PHP Error: Connection refused (POST /roundcubemail/?_task=mail&_unlock=loading1652914588109&_framed=1&_lang=en_GB&_action=send)
[18-May-2022 22:56:27 +0000]: <rfjn33r9> PHP Error: Failed to connect socket: Connection refused (POST /roundcubemail/?_task=mail&_unlock=loading1652914588109&_framed=1&_lang=en_GB&_action=send)
[18-May-2022 22:56:27 +0000]: <rfjn33r9> SMTP Error: Connection failed: Failed to connect socket: Connection refused in /var/www/html/roundcubemail/program/lib/Roundcube/rcube.php on line 1702 (POST /roundcubemail/?_task=mail&_unlock=loading1652914588109&_framed=1&_lang=en_GB&_action=send)
[18-May-2022 22:56:27 +0000]: <rfjn33r9> PHP Error: Connection refused (POST /roundcubemail/?_task=mail&_unlock=loading1652914588232&_framed=1&_lang=en_GB&_action=send)
[18-May-2022 22:56:27 +0000]: <rfjn33r9> PHP Error: Failed to connect socket: Connection refused (POST /roundcubemail/?_task=mail&_unlock=loading1652914588232&_framed=1&_lang=en_GB&_action=send)
[18-May-2022 22:56:27 +0000]: <rfjn33r9> SMTP Error: Connection failed: Failed to connect socket: Connection refused in /var/www/html/roundcubemail/program/lib/Roundcube/rcube.php on line 1702 (POST /roundcubemail/?_task=mail&_unlock=loading1652914588232&_framed=1&_lang=en_GB&_action=send)
[18-May-2022 22:56:28 +0000]: <rfjn33r9> PHP Error: Connection refused (POST /roundcubemail/?_task=mail&_unlock=loading1652914588507&_framed=1&_lang=en_GB&_action=send)
[18-May-2022 22:56:28 +0000]: <rfjn33r9> PHP Error: Failed to connect socket: Connection refused (POST /roundcubemail/?_task=mail&_unlock=loading1652914588507&_framed=1&_lang=en_GB&_action=send)
[18-May-2022 22:56:28 +0000]: <rfjn33r9> SMTP Error: Connection failed: Failed to connect socket: Connection refused in /var/www/html/roundcubemail/program/lib/Roundcube/rcube.php on line 1702 (POST /roundcubemail/?_task=mail&_unlock=loading1652914588507&_framed=1&_lang=en_GB&_action=send)
[18-May-2022 22:56:42 +0000]: <rfjn33r9> PHP Error: Connection refused (POST /roundcubemail/?_task=mail&_unlock=loading1652914602558&_framed=1&_lang=en_GB&_action=send)
[18-May-2022 22:56:42 +0000]: <rfjn33r9> PHP Error: Failed to connect socket: Connection refused (POST /roundcubemail/?_task=mail&_unlock=loading1652914602558&_framed=1&_lang=en_GB&_action=send)
[18-May-2022 22:56:42 +0000]: <rfjn33r9> SMTP Error: Connection failed: Failed to connect socket: Connection refused in /var/www/html/roundcubemail/program/lib/Roundcube/rcube.php on line 1702 (POST /roundcubemail/?_task=mail&_unlock=loading1652914602558&_framed=1&_lang=en_GB&_action=send)
[18-May-2022 22:56:42 +0000]: <rfjn33r9> PHP Error: Connection refused (POST /roundcubemail/?_task=mail&_unlock=loading1652914603110&_framed=1&_lang=en_GB&_action=send)
[18-May-2022 22:56:42 +0000]: <rfjn33r9> PHP Error: Failed to connect socket: Connection refused (POST /roundcubemail/?_task=mail&_unlock=loading1652914603110&_framed=1&_lang=en_GB&_action=send)
[18-May-2022 22:56:42 +0000]: <rfjn33r9> SMTP Error: Connection failed: Failed to connect socket: Connection refused in /var/www/html/roundcubemail/program/lib/Roundcube/rcube.php on line 1702 (POST /roundcubemail/?_task=mail&_unlock=loading1652914603110&_framed=1&_lang=en_GB&_action=send)
[18-May-2022 22:56:42 +0000]: <rfjn33r9> PHP Error: Connection refused (POST /roundcubemail/?_task=mail&_unlock=loading1652914603231&_framed=1&_lang=en_GB&_action=send)
[18-May-2022 22:56:42 +0000]: <rfjn33r9> PHP Error: Failed to connect socket: Connection refused (POST /roundcubemail/?_task=mail&_unlock=loading1652914603231&_framed=1&_lang=en_GB&_action=send)
[18-May-2022 22:56:42 +0000]: <rfjn33r9> SMTP Error: Connection failed: Failed to connect socket: Connection refused in /var/www/html/roundcubemail/program/lib/Roundcube/rcube.php on line 1702 (POST /roundcubemail/?_task=mail&_unlock=loading1652914603231&_framed=1&_lang=en_GB&_action=send)
[18-May-2022 22:56:43 +0000]: <rfjn33r9> PHP Error: Connection refused (POST /roundcubemail/?_task=mail&_unlock=loading1652914603353&_framed=1&_lang=en_GB&_action=send)
[18-May-2022 22:56:43 +0000]: <rfjn33r9> PHP Error: Failed to connect socket: Connection refused (POST /roundcubemail/?_task=mail&_unlock=loading1652914603353&_framed=1&_lang=en_GB&_action=send)
[18-May-2022 22:56:43 +0000]: <rfjn33r9> SMTP Error: Connection failed: Failed to connect socket: Connection refused in /var/www/html/roundcubemail/program/lib/Roundcube/rcube.php on line 1702 (POST /roundcubemail/?_task=mail&_unlock=loading1652914603353&_framed=1&_lang=en_GB&_action=send)
[18-May-2022 22:56:43 +0000]: <rfjn33r9> PHP Error: Connection refused (POST /roundcubemail/?_task=mail&_unlock=loading1652914603464&_framed=1&_lang=en_GB&_action=send)
[18-May-2022 22:56:43 +0000]: <rfjn33r9> PHP Error: Failed to connect socket: Connection refused (POST /roundcubemail/?_task=mail&_unlock=loading1652914603464&_framed=1&_lang=en_GB&_action=send)
[18-May-2022 22:56:43 +0000]: <rfjn33r9> SMTP Error: Connection failed: Failed to connect socket: Connection refused in /var/www/html/roundcubemail/program/lib/Roundcube/rcube.php on line 1702 (POST /roundcubemail/?_task=mail&_unlock=loading1652914603464&_framed=1&_lang=en_GB&_action=send)
[18-May-2022 22:56:43 +0000]: <rfjn33r9> PHP Error: Connection refused (POST /roundcubemail/?_task=mail&_unlock=loading1652914603586&_framed=1&_lang=en_GB&_action=send)
[18-May-2022 22:56:43 +0000]: <rfjn33r9> PHP Error: Failed to connect socket: Connection refused (POST /roundcubemail/?_task=mail&_unlock=loading1652914603586&_framed=1&_lang=en_GB&_action=send)
[18-May-2022 22:56:43 +0000]: <rfjn33r9> SMTP Error: Connection failed: Failed to connect socket: Connection refused in /var/www/html/roundcubemail/program/lib/Roundcube/rcube.php on line 1702 (POST /roundcubemail/?_task=mail&_unlock=loading1652914603586&_framed=1&_lang=en_GB&_action=send)
[18-May-2022 22:56:43 +0000]: <rfjn33r9> PHP Error: Connection refused (POST /roundcubemail/?_task=mail&_unlock=loading1652914604093&_framed=1&_lang=en_GB&_action=send)
[18-May-2022 22:56:43 +0000]: <rfjn33r9> PHP Error: Failed to connect socket: Connection refused (POST /roundcubemail/?_task=mail&_unlock=loading1652914604093&_framed=1&_lang=en_GB&_action=send)
[18-May-2022 22:56:43 +0000]: <rfjn33r9> SMTP Error: Connection failed: Failed to connect socket: Connection refused in /var/www/html/roundcubemail/program/lib/Roundcube/rcube.php on line 1702 (POST /roundcubemail/?_task=mail&_unlock=loading1652914604093&_framed=1&_lang=en_GB&_action=send)
[18-May-2022 22:56:43 +0000]: <rfjn33r9> PHP Error: Connection refused (POST /roundcubemail/?_task=mail&_unlock=loading1652914604152&_framed=1&_lang=en_GB&_action=send)
[18-May-2022 22:56:43 +0000]: <rfjn33r9> PHP Error: Failed to connect socket: Connection refused (POST /roundcubemail/?_task=mail&_unlock=loading1652914604152&_framed=1&_lang=en_GB&_action=send)
[18-May-2022 22:56:43 +0000]: <rfjn33r9> SMTP Error: Connection failed: Failed to connect socket: Connection refused in /var/www/html/roundcubemail/program/lib/Roundcube/rcube.php on line 1702 (POST /roundcubemail/?_task=mail&_unlock=loading1652914604152&_framed=1&_lang=en_GB&_action=send)
[18-May-2022 22:56:43 +0000]: <rfjn33r9> PHP Error: Connection refused (POST /roundcubemail/?_task=mail&_unlock=loading1652914604212&_framed=1&_lang=en_GB&_action=send)
[18-May-2022 22:56:43 +0000]: <rfjn33r9> PHP Error: Failed to connect socket: Connection refused (POST /roundcubemail/?_task=mail&_unlock=loading1652914604212&_framed=1&_lang=en_GB&_action=send)
[18-May-2022 22:56:43 +0000]: <rfjn33r9> SMTP Error: Connection failed: Failed to connect socket: Connection refused in /var/www/html/roundcubemail/program/lib/Roundcube/rcube.php on line 1702 (POST /roundcubemail/?_task=mail&_unlock=loading1652914604212&_framed=1&_lang=en_GB&_action=send)
[18-May-2022 22:56:44 +0000]: <rfjn33r9> PHP Error: Connection refused (POST /roundcubemail/?_task=mail&_unlock=loading1652914604273&_framed=1&_lang=en_GB&_action=send)
[18-May-2022 22:56:44 +0000]: <rfjn33r9> PHP Error: Failed to connect socket: Connection refused (POST /roundcubemail/?_task=mail&_unlock=loading1652914604273&_framed=1&_lang=en_GB&_action=send)
[18-May-2022 22:56:44 +0000]: <rfjn33r9> SMTP Error: Connection failed: Failed to connect socket: Connection refused in /var/www/html/roundcubemail/program/lib/Roundcube/rcube.php on line 1702 (POST /roundcubemail/?_task=mail&_unlock=loading1652914604273&_framed=1&_lang=en_GB&_action=send)
[18-May-2022 22:58:05 +0000]: <rfjn33r9> PHP Error: Connection refused (POST /roundcubemail/?_task=mail&_unlock=loading1652914685973&_framed=1&_lang=en_GB&_action=send)
[18-May-2022 22:58:05 +0000]: <rfjn33r9> PHP Error: Failed to connect socket: Connection refused (POST /roundcubemail/?_task=mail&_unlock=loading1652914685973&_framed=1&_lang=en_GB&_action=send)
[18-May-2022 22:58:05 +0000]: <rfjn33r9> SMTP Error: Connection failed: Failed to connect socket: Connection refused in /var/www/html/roundcubemail/program/lib/Roundcube/rcube.php on line 1702 (POST /roundcubemail/?_task=mail&_unlock=loading1652914685973&_framed=1&_lang=en_GB&_action=send)
[18-May-2022 22:58:06 +0000]: <rfjn33r9> PHP Error: Connection refused (POST /roundcubemail/?_task=mail&_unlock=loading1652914686517&_framed=1&_lang=en_GB&_action=send)
[18-May-2022 22:58:06 +0000]: <rfjn33r9> PHP Error: Failed to connect socket: Connection refused (POST /roundcubemail/?_task=mail&_unlock=loading1652914686517&_framed=1&_lang=en_GB&_action=send)
[18-May-2022 22:58:06 +0000]: <rfjn33r9> SMTP Error: Connection failed: Failed to connect socket: Connection refused in /var/www/html/roundcubemail/program/lib/Roundcube/rcube.php on line 1702 (POST /roundcubemail/?_task=mail&_unlock=loading1652914686517&_framed=1&_lang=en_GB&_action=send)
[18-May-2022 22:58:06 +0000]: <rfjn33r9> PHP Error: Connection refused (POST /roundcubemail/?_task=mail&_unlock=loading1652914686641&_framed=1&_lang=en_GB&_action=send)
[18-May-2022 22:58:06 +0000]: <rfjn33r9> PHP Error: Failed to connect socket: Connection refused (POST /roundcubemail/?_task=mail&_unlock=loading1652914686641&_framed=1&_lang=en_GB&_action=send)
[18-May-2022 22:58:06 +0000]: <rfjn33r9> SMTP Error: Connection failed: Failed to connect socket: Connection refused in /var/www/html/roundcubemail/program/lib/Roundcube/rcube.php on line 1702 (POST /roundcubemail/?_task=mail&_unlock=loading1652914686641&_framed=1&_lang=en_GB&_action=send)
[18-May-2022 22:58:06 +0000]: <rfjn33r9> PHP Error: Connection refused (POST /roundcubemail/?_task=mail&_unlock=loading1652914686745&_framed=1&_lang=en_GB&_action=send)
[18-May-2022 22:58:06 +0000]: <rfjn33r9> PHP Error: Failed to connect socket: Connection refused (POST /roundcubemail/?_task=mail&_unlock=loading1652914686745&_framed=1&_lang=en_GB&_action=send)
[18-May-2022 22:58:06 +0000]: <rfjn33r9> SMTP Error: Connection failed: Failed to connect socket: Connection refused in /var/www/html/roundcubemail/program/lib/Roundcube/rcube.php on line 1702 (POST /roundcubemail/?_task=mail&_unlock=loading1652914686745&_framed=1&_lang=en_GB&_action=send)
[18-May-2022 22:58:06 +0000]: <rfjn33r9> PHP Error: Connection refused (POST /roundcubemail/?_task=mail&_unlock=loading1652914686869&_framed=1&_lang=en_GB&_action=send)
[18-May-2022 22:58:06 +0000]: <rfjn33r9> PHP Error: Failed to connect socket: Connection refused (POST /roundcubemail/?_task=mail&_unlock=loading1652914686869&_framed=1&_lang=en_GB&_action=send)
[18-May-2022 22:58:06 +0000]: <rfjn33r9> SMTP Error: Connection failed: Failed to connect socket: Connection refused in /var/www/html/roundcubemail/program/lib/Roundcube/rcube.php on line 1702 (POST /roundcubemail/?_task=mail&_unlock=loading1652914686869&_framed=1&_lang=en_GB&_action=send)
[18-May-2022 22:58:06 +0000]: <rfjn33r9> PHP Error: Connection refused (POST /roundcubemail/?_task=mail&_unlock=loading1652914686996&_framed=1&_lang=en_GB&_action=send)
[18-May-2022 22:58:06 +0000]: <rfjn33r9> PHP Error: Failed to connect socket: Connection refused (POST /roundcubemail/?_task=mail&_unlock=loading1652914686996&_framed=1&_lang=en_GB&_action=send)
[18-May-2022 22:58:06 +0000]: <rfjn33r9> SMTP Error: Connection failed: Failed to connect socket: Connection refused in /var/www/html/roundcubemail/program/lib/Roundcube/rcube.php on line 1702 (POST /roundcubemail/?_task=mail&_unlock=loading1652914686996&_framed=1&_lang=en_GB&_action=send)
[18-May-2022 22:58:06 +0000]: <rfjn33r9> PHP Error: Connection refused (POST /roundcubemail/?_task=mail&_unlock=loading1652914687128&_framed=1&_lang=en_GB&_action=send)
[18-May-2022 22:58:06 +0000]: <rfjn33r9> PHP Error: Failed to connect socket: Connection refused (POST /roundcubemail/?_task=mail&_unlock=loading1652914687128&_framed=1&_lang=en_GB&_action=send)
[18-May-2022 22:58:06 +0000]: <rfjn33r9> SMTP Error: Connection failed: Failed to connect socket: Connection refused in /var/www/html/roundcubemail/program/lib/Roundcube/rcube.php on line 1702 (POST /roundcubemail/?_task=mail&_unlock=loading1652914687128&_framed=1&_lang=en_GB&_action=send)
[18-May-2022 22:58:20 +0000]: <rfjn33r9> PHP Error: Connection refused (POST /roundcubemail/?_task=mail&_unlock=loading1652914700373&_framed=1&_lang=en_GB&_action=send)
[18-May-2022 22:58:20 +0000]: <rfjn33r9> PHP Error: Failed to connect socket: Connection refused (POST /roundcubemail/?_task=mail&_unlock=loading1652914700373&_framed=1&_lang=en_GB&_action=send)
[18-May-2022 22:58:20 +0000]: <rfjn33r9> SMTP Error: Connection failed: Failed to connect socket: Connection refused in /var/www/html/roundcubemail/program/lib/Roundcube/rcube.php on line 1702 (POST /roundcubemail/?_task=mail&_unlock=loading1652914700373&_framed=1&_lang=en_GB&_action=send)
[18-May-2022 22:58:20 +0000]: <rfjn33r9> PHP Error: Connection refused (POST /roundcubemail/?_task=mail&_unlock=loading1652914700825&_framed=1&_lang=en_GB&_action=send)
[18-May-2022 22:58:20 +0000]: <rfjn33r9> PHP Error: Failed to connect socket: Connection refused (POST /roundcubemail/?_task=mail&_unlock=loading1652914700825&_framed=1&_lang=en_GB&_action=send)
[18-May-2022 22:58:20 +0000]: <rfjn33r9> SMTP Error: Connection failed: Failed to connect socket: Connection refused in /var/www/html/roundcubemail/program/lib/Roundcube/rcube.php on line 1702 (POST /roundcubemail/?_task=mail&_unlock=loading1652914700825&_framed=1&_lang=en_GB&_action=send)
[18-May-2022 22:58:20 +0000]: <rfjn33r9> PHP Error: Connection refused (POST /roundcubemail/?_task=mail&_unlock=loading1652914701035&_framed=1&_lang=en_GB&_action=send)
[18-May-2022 22:58:20 +0000]: <rfjn33r9> PHP Error: Failed to connect socket: Connection refused (POST /roundcubemail/?_task=mail&_unlock=loading1652914701035&_framed=1&_lang=en_GB&_action=send)
[18-May-2022 22:58:20 +0000]: <rfjn33r9> SMTP Error: Connection failed: Failed to connect socket: Connection refused in /var/www/html/roundcubemail/program/lib/Roundcube/rcube.php on line 1702 (POST /roundcubemail/?_task=mail&_unlock=loading1652914701035&_framed=1&_lang=en_GB&_action=send)
[18-May-2022 22:58:43 +0000]: <rfjn33r9> PHP Error: Connection refused (POST /roundcubemail/?_task=mail&_unlock=loading1652914723801&_framed=1&_lang=en_GB&_action=send)
[18-May-2022 22:58:43 +0000]: <rfjn33r9> PHP Error: Failed to connect socket: Connection refused (POST /roundcubemail/?_task=mail&_unlock=loading1652914723801&_framed=1&_lang=en_GB&_action=send)
[18-May-2022 22:58:43 +0000]: <rfjn33r9> SMTP Error: Connection failed: Failed to connect socket: Connection refused in /var/www/html/roundcubemail/program/lib/Roundcube/rcube.php on line 1702 (POST /roundcubemail/?_task=mail&_unlock=loading1652914723801&_framed=1&_lang=en_GB&_action=send)
[18-May-2022 22:58:44 +0000]: <rfjn33r9> PHP Error: Connection refused (POST /roundcubemail/?_task=mail&_unlock=loading1652914724283&_framed=1&_lang=en_GB&_action=send)
[18-May-2022 22:58:44 +0000]: <rfjn33r9> PHP Error: Failed to connect socket: Connection refused (POST /roundcubemail/?_task=mail&_unlock=loading1652914724283&_framed=1&_lang=en_GB&_action=send)
[18-May-2022 22:58:44 +0000]: <rfjn33r9> SMTP Error: Connection failed: Failed to connect socket: Connection refused in /var/www/html/roundcubemail/program/lib/Roundcube/rcube.php on line 1702 (POST /roundcubemail/?_task=mail&_unlock=loading1652914724283&_framed=1&_lang=en_GB&_action=send)
[18-May-2022 22:58:59 +0000]: <rfjn33r9> PHP Error: Connection refused (POST /roundcubemail/?_task=mail&_unlock=loading1652914739861&_framed=1&_lang=en_GB&_action=send)
[18-May-2022 22:58:59 +0000]: <rfjn33r9> PHP Error: Failed to connect socket: Connection refused (POST /roundcubemail/?_task=mail&_unlock=loading1652914739861&_framed=1&_lang=en_GB&_action=send)
[18-May-2022 22:58:59 +0000]: <rfjn33r9> SMTP Error: Connection failed: Failed to connect socket: Connection refused in /var/www/html/roundcubemail/program/lib/Roundcube/rcube.php on line 1702 (POST /roundcubemail/?_task=mail&_unlock=loading1652914739861&_framed=1&_lang=en_GB&_action=send)
[18-May-2022 22:59:00 +0000]: <rfjn33r9> PHP Error: Connection refused (POST /roundcubemail/?_task=mail&_unlock=loading1652914740428&_framed=1&_lang=en_GB&_action=send)
[18-May-2022 22:59:00 +0000]: <rfjn33r9> PHP Error: Failed to connect socket: Connection refused (POST /roundcubemail/?_task=mail&_unlock=loading1652914740428&_framed=1&_lang=en_GB&_action=send)
[18-May-2022 22:59:00 +0000]: <rfjn33r9> SMTP Error: Connection failed: Failed to connect socket: Connection refused in /var/www/html/roundcubemail/program/lib/Roundcube/rcube.php on line 1702 (POST /roundcubemail/?_task=mail&_unlock=loading1652914740428&_framed=1&_lang=en_GB&_action=send)
[18-May-2022 22:59:00 +0000]: <rfjn33r9> PHP Error: Connection refused (POST /roundcubemail/?_task=mail&_unlock=loading1652914740588&_framed=1&_lang=en_GB&_action=send)
[18-May-2022 22:59:00 +0000]: <rfjn33r9> PHP Error: Failed to connect socket: Connection refused (POST /roundcubemail/?_task=mail&_unlock=loading1652914740588&_framed=1&_lang=en_GB&_action=send)
[18-May-2022 22:59:00 +0000]: <rfjn33r9> SMTP Error: Connection failed: Failed to connect socket: Connection refused in /var/www/html/roundcubemail/program/lib/Roundcube/rcube.php on line 1702 (POST /roundcubemail/?_task=mail&_unlock=loading1652914740588&_framed=1&_lang=en_GB&_action=send)
[18-May-2022 22:59:59 +0000]: <rfjn33r9> PHP Error: Connection refused (POST /roundcubemail/?_task=mail&_unlock=loading1652914799621&_framed=1&_lang=en_GB&_action=send)
[18-May-2022 22:59:59 +0000]: <rfjn33r9> PHP Error: Failed to connect socket: Connection refused (POST /roundcubemail/?_task=mail&_unlock=loading1652914799621&_framed=1&_lang=en_GB&_action=send)
[18-May-2022 22:59:59 +0000]: <rfjn33r9> SMTP Error: Connection failed: Failed to connect socket: Connection refused in /var/www/html/roundcubemail/program/lib/Roundcube/rcube.php on line 1702 (POST /roundcubemail/?_task=mail&_unlock=loading1652914799621&_framed=1&_lang=en_GB&_action=send)
[18-May-2022 23:01:25 +0000]: <rfjn33r9> PHP Error: Connection refused (POST /roundcubemail/?_task=mail&_unlock=loading1652914885693&_framed=1&_lang=en_GB&_action=send)
[18-May-2022 23:01:25 +0000]: <rfjn33r9> PHP Error: Failed to connect socket: Connection refused (POST /roundcubemail/?_task=mail&_unlock=loading1652914885693&_framed=1&_lang=en_GB&_action=send)
[18-May-2022 23:01:25 +0000]: <rfjn33r9> SMTP Error: Connection failed: Failed to connect socket: Connection refused in /var/www/html/roundcubemail/program/lib/Roundcube/rcube.php on line 1702 (POST /roundcubemail/?_task=mail&_unlock=loading1652914885693&_framed=1&_lang=en_GB&_action=send)
[18-May-2022 23:01:25 +0000]: <rfjn33r9> PHP Error: Connection refused (POST /roundcubemail/?_task=mail&_unlock=loading1652914886153&_framed=1&_lang=en_GB&_action=send)
[18-May-2022 23:01:25 +0000]: <rfjn33r9> PHP Error: Failed to connect socket: Connection refused (POST /roundcubemail/?_task=mail&_unlock=loading1652914886153&_framed=1&_lang=en_GB&_action=send)
[18-May-2022 23:01:25 +0000]: <rfjn33r9> SMTP Error: Connection failed: Failed to connect socket: Connection refused in /var/www/html/roundcubemail/program/lib/Roundcube/rcube.php on line 1702 (POST /roundcubemail/?_task=mail&_unlock=loading1652914886153&_framed=1&_lang=en_GB&_action=send)
[18-May-2022 23:01:26 +0000]: <rfjn33r9> PHP Error: Connection refused (POST /roundcubemail/?_task=mail&_unlock=loading1652914886298&_framed=1&_lang=en_GB&_action=send)
[18-May-2022 23:01:26 +0000]: <rfjn33r9> PHP Error: Failed to connect socket: Connection refused (POST /roundcubemail/?_task=mail&_unlock=loading1652914886298&_framed=1&_lang=en_GB&_action=send)
[18-May-2022 23:01:26 +0000]: <rfjn33r9> SMTP Error: Connection failed: Failed to connect socket: Connection refused in /var/www/html/roundcubemail/program/lib/Roundcube/rcube.php on line 1702 (POST /roundcubemail/?_task=mail&_unlock=loading1652914886298&_framed=1&_lang=en_GB&_action=send)
[18-May-2022 23:07:48 +0000]: <rfjn33r9> PHP Error: Connection refused (POST /roundcubemail/?_task=mail&_unlock=loading1652915268998&_framed=1&_lang=en_GB&_action=send)
[18-May-2022 23:07:48 +0000]: <rfjn33r9> PHP Error: Failed to connect socket: Connection refused (POST /roundcubemail/?_task=mail&_unlock=loading1652915268998&_framed=1&_lang=en_GB&_action=send)
[18-May-2022 23:07:48 +0000]: <rfjn33r9> SMTP Error: Connection failed: Failed to connect socket: Connection refused in /var/www/html/roundcubemail/program/lib/Roundcube/rcube.php on line 1702 (POST /roundcubemail/?_task=mail&_unlock=loading1652915268998&_framed=1&_lang=en_GB&_action=send)
[18-May-2022 23:07:49 +0000]: <rfjn33r9> PHP Error: Connection refused (POST /roundcubemail/?_task=mail&_unlock=loading1652915269540&_framed=1&_lang=en_GB&_action=send)
[18-May-2022 23:07:49 +0000]: <rfjn33r9> PHP Error: Failed to connect socket: Connection refused (POST /roundcubemail/?_task=mail&_unlock=loading1652915269540&_framed=1&_lang=en_GB&_action=send)
[18-May-2022 23:07:49 +0000]: <rfjn33r9> SMTP Error: Connection failed: Failed to connect socket: Connection refused in /var/www/html/roundcubemail/program/lib/Roundcube/rcube.php on line 1702 (POST /roundcubemail/?_task=mail&_unlock=loading1652915269540&_framed=1&_lang=en_GB&_action=send)
[18-May-2022 23:07:49 +0000]: <rfjn33r9> PHP Error: Connection refused (POST /roundcubemail/?_task=mail&_unlock=loading1652915269679&_framed=1&_lang=en_GB&_action=send)
[18-May-2022 23:07:49 +0000]: <rfjn33r9> PHP Error: Failed to connect socket: Connection refused (POST /roundcubemail/?_task=mail&_unlock=loading1652915269679&_framed=1&_lang=en_GB&_action=send)
[18-May-2022 23:07:49 +0000]: <rfjn33r9> SMTP Error: Connection failed: Failed to connect socket: Connection refused in /var/www/html/roundcubemail/program/lib/Roundcube/rcube.php on line 1702 (POST /roundcubemail/?_task=mail&_unlock=loading1652915269679&_framed=1&_lang=en_GB&_action=send)
[18-May-2022 23:08:06 +0000]: <rfjn33r9> PHP Error: Connection refused (POST /roundcubemail/?_task=mail&_unlock=loading1652915286571&_framed=1&_lang=en_GB&_action=send)
[18-May-2022 23:08:06 +0000]: <rfjn33r9> PHP Error: Failed to connect socket: Connection refused (POST /roundcubemail/?_task=mail&_unlock=loading1652915286571&_framed=1&_lang=en_GB&_action=send)
[18-May-2022 23:08:06 +0000]: <rfjn33r9> SMTP Error: Connection failed: Failed to connect socket: Connection refused in /var/www/html/roundcubemail/program/lib/Roundcube/rcube.php on line 1702 (POST /roundcubemail/?_task=mail&_unlock=loading1652915286571&_framed=1&_lang=en_GB&_action=send)
[18-May-2022 23:08:08 +0000]: <rfjn33r9> PHP Error: Connection refused (POST /roundcubemail/?_task=mail&_unlock=loading1652915288531&_framed=1&_lang=en_GB&_action=send)
[18-May-2022 23:08:08 +0000]: <rfjn33r9> PHP Error: Failed to connect socket: Connection refused (POST /roundcubemail/?_task=mail&_unlock=loading1652915288531&_framed=1&_lang=en_GB&_action=send)
[18-May-2022 23:08:08 +0000]: <rfjn33r9> SMTP Error: Connection failed: Failed to connect socket: Connection refused in /var/www/html/roundcubemail/program/lib/Roundcube/rcube.php on line 1702 (POST /roundcubemail/?_task=mail&_unlock=loading1652915288531&_framed=1&_lang=en_GB&_action=send)
[18-May-2022 23:08:08 +0000]: <rfjn33r9> PHP Error: Connection refused (POST /roundcubemail/?_task=mail&_unlock=loading1652915289157&_framed=1&_lang=en_GB&_action=send)
[18-May-2022 23:08:08 +0000]: <rfjn33r9> PHP Error: Failed to connect socket: Connection refused (POST /roundcubemail/?_task=mail&_unlock=loading1652915289157&_framed=1&_lang=en_GB&_action=send)
[18-May-2022 23:08:08 +0000]: <rfjn33r9> SMTP Error: Connection failed: Failed to connect socket: Connection refused in /var/www/html/roundcubemail/program/lib/Roundcube/rcube.php on line 1702 (POST /roundcubemail/?_task=mail&_unlock=loading1652915289157&_framed=1&_lang=en_GB&_action=send)
[18-May-2022 23:08:22 +0000]: <rfjn33r9> PHP Error: Connection refused (POST /roundcubemail/?_task=mail&_unlock=loading1652915302788&_framed=1&_lang=en_GB&_action=send)
[18-May-2022 23:08:22 +0000]: <rfjn33r9> PHP Error: Failed to connect socket: Connection refused (POST /roundcubemail/?_task=mail&_unlock=loading1652915302788&_framed=1&_lang=en_GB&_action=send)
[18-May-2022 23:08:22 +0000]: <rfjn33r9> SMTP Error: Connection failed: Failed to connect socket: Connection refused in /var/www/html/roundcubemail/program/lib/Roundcube/rcube.php on line 1702 (POST /roundcubemail/?_task=mail&_unlock=loading1652915302788&_framed=1&_lang=en_GB&_action=send)
[18-May-2022 23:08:23 +0000]: <rfjn33r9> PHP Error: Connection refused (POST /roundcubemail/?_task=mail&_unlock=loading1652915303242&_framed=1&_lang=en_GB&_action=send)
[18-May-2022 23:08:23 +0000]: <rfjn33r9> PHP Error: Failed to connect socket: Connection refused (POST /roundcubemail/?_task=mail&_unlock=loading1652915303242&_framed=1&_lang=en_GB&_action=send)
[18-May-2022 23:08:23 +0000]: <rfjn33r9> SMTP Error: Connection failed: Failed to connect socket: Connection refused in /var/www/html/roundcubemail/program/lib/Roundcube/rcube.php on line 1702 (POST /roundcubemail/?_task=mail&_unlock=loading1652915303242&_framed=1&_lang=en_GB&_action=send)
[18-May-2022 23:08:23 +0000]: <rfjn33r9> PHP Error: Connection refused (POST /roundcubemail/?_task=mail&_unlock=loading1652915303373&_framed=1&_lang=en_GB&_action=send)
[18-May-2022 23:08:23 +0000]: <rfjn33r9> PHP Error: Failed to connect socket: Connection refused (POST /roundcubemail/?_task=mail&_unlock=loading1652915303373&_framed=1&_lang=en_GB&_action=send)
[18-May-2022 23:08:23 +0000]: <rfjn33r9> SMTP Error: Connection failed: Failed to connect socket: Connection refused in /var/www/html/roundcubemail/program/lib/Roundcube/rcube.php on line 1702 (POST /roundcubemail/?_task=mail&_unlock=loading1652915303373&_framed=1&_lang=en_GB&_action=send)
[18-May-2022 23:08:23 +0000]: <rfjn33r9> PHP Error: Connection refused (POST /roundcubemail/?_task=mail&_unlock=loading1652915303514&_framed=1&_lang=en_GB&_action=send)
[18-May-2022 23:08:23 +0000]: <rfjn33r9> PHP Error: Failed to connect socket: Connection refused (POST /roundcubemail/?_task=mail&_unlock=loading1652915303514&_framed=1&_lang=en_GB&_action=send)
[18-May-2022 23:08:23 +0000]: <rfjn33r9> SMTP Error: Connection failed: Failed to connect socket: Connection refused in /var/www/html/roundcubemail/program/lib/Roundcube/rcube.php on line 1702 (POST /roundcubemail/?_task=mail&_unlock=loading1652915303514&_framed=1&_lang=en_GB&_action=send)
[18-May-2022 23:15:04 +0000]: <rfjn33r9> PHP Error: Connection refused (POST /roundcubemail/?_task=mail&_unlock=loading1652915704539&_framed=1&_lang=en_GB&_action=send)
[18-May-2022 23:15:04 +0000]: <rfjn33r9> PHP Error: Failed to connect socket: Connection refused (POST /roundcubemail/?_task=mail&_unlock=loading1652915704539&_framed=1&_lang=en_GB&_action=send)
[18-May-2022 23:15:04 +0000]: <rfjn33r9> SMTP Error: Connection failed: Failed to connect socket: Connection refused in /var/www/html/roundcubemail/program/lib/Roundcube/rcube.php on line 1702 (POST /roundcubemail/?_task=mail&_unlock=loading1652915704539&_framed=1&_lang=en_GB&_action=send)
[18-May-2022 23:18:59 +0000]: <rfjn33r9> PHP Error: Connection refused (POST /roundcubemail/?_task=mail&_unlock=loading1652915939528&_framed=1&_lang=en_GB&_action=send)
[18-May-2022 23:18:59 +0000]: <rfjn33r9> PHP Error: Failed to connect socket: Connection refused (POST /roundcubemail/?_task=mail&_unlock=loading1652915939528&_framed=1&_lang=en_GB&_action=send)
[18-May-2022 23:18:59 +0000]: <rfjn33r9> SMTP Error: Connection failed: Failed to connect socket: Connection refused in /var/www/html/roundcubemail/program/lib/Roundcube/rcube.php on line 1702 (POST /roundcubemail/?_task=mail&_unlock=loading1652915939528&_framed=1&_lang=en_GB&_action=send)
[18-May-2022 23:18:59 +0000]: <rfjn33r9> PHP Error: Connection refused (POST /roundcubemail/?_task=mail&_unlock=loading1652915940050&_framed=1&_lang=en_GB&_action=send)
[18-May-2022 23:18:59 +0000]: <rfjn33r9> PHP Error: Failed to connect socket: Connection refused (POST /roundcubemail/?_task=mail&_unlock=loading1652915940050&_framed=1&_lang=en_GB&_action=send)
[18-May-2022 23:18:59 +0000]: <rfjn33r9> SMTP Error: Connection failed: Failed to connect socket: Connection refused in /var/www/html/roundcubemail/program/lib/Roundcube/rcube.php on line 1702 (POST /roundcubemail/?_task=mail&_unlock=loading1652915940050&_framed=1&_lang=en_GB&_action=send)
[18-May-2022 23:18:59 +0000]: <rfjn33r9> PHP Error: Connection refused (POST /roundcubemail/?_task=mail&_unlock=loading1652915940172&_framed=1&_lang=en_GB&_action=send)
[18-May-2022 23:18:59 +0000]: <rfjn33r9> PHP Error: Failed to connect socket: Connection refused (POST /roundcubemail/?_task=mail&_unlock=loading1652915940172&_framed=1&_lang=en_GB&_action=send)
[18-May-2022 23:18:59 +0000]: <rfjn33r9> SMTP Error: Connection failed: Failed to connect socket: Connection refused in /var/www/html/roundcubemail/program/lib/Roundcube/rcube.php on line 1702 (POST /roundcubemail/?_task=mail&_unlock=loading1652915940172&_framed=1&_lang=en_GB&_action=send)
[18-May-2022 23:19:00 +0000]: <rfjn33r9> PHP Error: Connection refused (POST /roundcubemail/?_task=mail&_unlock=loading1652915940294&_framed=1&_lang=en_GB&_action=send)
[18-May-2022 23:19:00 +0000]: <rfjn33r9> PHP Error: Failed to connect socket: Connection refused (POST /roundcubemail/?_task=mail&_unlock=loading1652915940294&_framed=1&_lang=en_GB&_action=send)
[18-May-2022 23:19:00 +0000]: <rfjn33r9> SMTP Error: Connection failed: Failed to connect socket: Connection refused in /var/www/html/roundcubemail/program/lib/Roundcube/rcube.php on line 1702 (POST /roundcubemail/?_task=mail&_unlock=loading1652915940294&_framed=1&_lang=en_GB&_action=send)
[18-May-2022 23:25:51 +0000]: <rfjn33r9> PHP Error: Connection refused (POST /roundcubemail/?_task=mail&_unlock=loading1652916352086&_framed=1&_lang=en_GB&_action=send)
[18-May-2022 23:25:51 +0000]: <rfjn33r9> PHP Error: Failed to connect socket: Connection refused (POST /roundcubemail/?_task=mail&_unlock=loading1652916352086&_framed=1&_lang=en_GB&_action=send)
[18-May-2022 23:25:51 +0000]: <rfjn33r9> SMTP Error: Connection failed: Failed to connect socket: Connection refused in /var/www/html/roundcubemail/program/lib/Roundcube/rcube.php on line 1702 (POST /roundcubemail/?_task=mail&_unlock=loading1652916352086&_framed=1&_lang=en_GB&_action=send)
[18-May-2022 23:25:52 +0000]: <rfjn33r9> PHP Error: Connection refused (POST /roundcubemail/?_task=mail&_unlock=loading1652916352858&_framed=1&_lang=en_GB&_action=send)
[18-May-2022 23:25:52 +0000]: <rfjn33r9> PHP Error: Failed to connect socket: Connection refused (POST /roundcubemail/?_task=mail&_unlock=loading1652916352858&_framed=1&_lang=en_GB&_action=send)
[18-May-2022 23:25:52 +0000]: <rfjn33r9> SMTP Error: Connection failed: Failed to connect socket: Connection refused in /var/www/html/roundcubemail/program/lib/Roundcube/rcube.php on line 1702 (POST /roundcubemail/?_task=mail&_unlock=loading1652916352858&_framed=1&_lang=en_GB&_action=send)
[18-May-2022 23:31:55 +0000]: <rfjn33r9> PHP Error: Connection refused (POST /?_task=mail&_unlock=loading1652916716177&_framed=1&_lang=en_GB&_action=send)
[18-May-2022 23:31:55 +0000]: <rfjn33r9> PHP Error: Failed to connect socket: Connection refused (POST /?_task=mail&_unlock=loading1652916716177&_framed=1&_lang=en_GB&_action=send)
[18-May-2022 23:31:55 +0000]: <rfjn33r9> SMTP Error: Connection failed: Failed to connect socket: Connection refused in /var/www/html/roundcubemail/program/lib/Roundcube/rcube.php on line 1702 (POST /?_task=mail&_unlock=loading1652916716177&_framed=1&_lang=en_GB&_action=send)
[18-May-2022 23:31:56 +0000]: <rfjn33r9> PHP Error: Connection refused (POST /?_task=mail&_unlock=loading1652916716706&_framed=1&_lang=en_GB&_action=send)
[18-May-2022 23:31:56 +0000]: <rfjn33r9> PHP Error: Failed to connect socket: Connection refused (POST /?_task=mail&_unlock=loading1652916716706&_framed=1&_lang=en_GB&_action=send)
[18-May-2022 23:31:56 +0000]: <rfjn33r9> SMTP Error: Connection failed: Failed to connect socket: Connection refused in /var/www/html/roundcubemail/program/lib/Roundcube/rcube.php on line 1702 (POST /?_task=mail&_unlock=loading1652916716706&_framed=1&_lang=en_GB&_action=send)
[18-May-2022 23:31:56 +0000]: <rfjn33r9> PHP Error: Connection refused (POST /?_task=mail&_unlock=loading1652916716827&_framed=1&_lang=en_GB&_action=send)
[18-May-2022 23:31:56 +0000]: <rfjn33r9> PHP Error: Failed to connect socket: Connection refused (POST /?_task=mail&_unlock=loading1652916716827&_framed=1&_lang=en_GB&_action=send)
[18-May-2022 23:31:56 +0000]: <rfjn33r9> SMTP Error: Connection failed: Failed to connect socket: Connection refused in /var/www/html/roundcubemail/program/lib/Roundcube/rcube.php on line 1702 (POST /?_task=mail&_unlock=loading1652916716827&_framed=1&_lang=en_GB&_action=send)
[18-May-2022 23:31:56 +0000]: <rfjn33r9> PHP Error: Connection refused (POST /?_task=mail&_unlock=loading1652916716947&_framed=1&_lang=en_GB&_action=send)
[18-May-2022 23:31:56 +0000]: <rfjn33r9> PHP Error: Failed to connect socket: Connection refused (POST /?_task=mail&_unlock=loading1652916716947&_framed=1&_lang=en_GB&_action=send)
[18-May-2022 23:31:56 +0000]: <rfjn33r9> SMTP Error: Connection failed: Failed to connect socket: Connection refused in /var/www/html/roundcubemail/program/lib/Roundcube/rcube.php on line 1702 (POST /?_task=mail&_unlock=loading1652916716947&_framed=1&_lang=en_GB&_action=send)
[18-May-2022 23:31:56 +0000]: <rfjn33r9> PHP Error: Connection refused (POST /?_task=mail&_unlock=loading1652916717068&_framed=1&_lang=en_GB&_action=send)
[18-May-2022 23:31:56 +0000]: <rfjn33r9> PHP Error: Failed to connect socket: Connection refused (POST /?_task=mail&_unlock=loading1652916717068&_framed=1&_lang=en_GB&_action=send)
[18-May-2022 23:31:56 +0000]: <rfjn33r9> SMTP Error: Connection failed: Failed to connect socket: Connection refused in /var/www/html/roundcubemail/program/lib/Roundcube/rcube.php on line 1702 (POST /?_task=mail&_unlock=loading1652916717068&_framed=1&_lang=en_GB&_action=send)
[18-May-2022 23:31:57 +0000]: <rfjn33r9> PHP Error: Connection refused (POST /?_task=mail&_unlock=loading1652916717513&_framed=1&_lang=en_GB&_action=send)
[18-May-2022 23:31:57 +0000]: <rfjn33r9> PHP Error: Failed to connect socket: Connection refused (POST /?_task=mail&_unlock=loading1652916717513&_framed=1&_lang=en_GB&_action=send)
[18-May-2022 23:31:57 +0000]: <rfjn33r9> SMTP Error: Connection failed: Failed to connect socket: Connection refused in /var/www/html/roundcubemail/program/lib/Roundcube/rcube.php on line 1702 (POST /?_task=mail&_unlock=loading1652916717513&_framed=1&_lang=en_GB&_action=send)
[18-May-2022 23:33:27 +0000]: <rfjn33r9> PHP Error: Connection refused (POST /?_task=mail&_unlock=loading1652916808157&_framed=1&_lang=en_GB&_action=send)
[18-May-2022 23:33:27 +0000]: <rfjn33r9> PHP Error: Failed to connect socket: Connection refused (POST /?_task=mail&_unlock=loading1652916808157&_framed=1&_lang=en_GB&_action=send)
[18-May-2022 23:33:27 +0000]: <rfjn33r9> SMTP Error: Connection failed: Failed to connect socket: Connection refused in /var/www/html/roundcubemail/program/lib/Roundcube/rcube.php on line 1702 (POST /?_task=mail&_unlock=loading1652916808157&_framed=1&_lang=en_GB&_action=send)
[18-May-2022 23:33:43 +0000]: <rfjn33r9> PHP Error: Connection refused (POST /?_task=mail&_unlock=loading1652916824035&_framed=1&_lang=en_GB&_action=send)
[18-May-2022 23:33:43 +0000]: <rfjn33r9> PHP Error: Failed to connect socket: Connection refused (POST /?_task=mail&_unlock=loading1652916824035&_framed=1&_lang=en_GB&_action=send)
[18-May-2022 23:33:43 +0000]: <rfjn33r9> SMTP Error: Connection failed: Failed to connect socket: Connection refused in /var/www/html/roundcubemail/program/lib/Roundcube/rcube.php on line 1702 (POST /?_task=mail&_unlock=loading1652916824035&_framed=1&_lang=en_GB&_action=send)
[18-May-2022 23:33:44 +0000]: <rfjn33r9> PHP Error: Connection refused (POST /?_task=mail&_unlock=loading1652916824921&_framed=1&_lang=en_GB&_action=send)
[18-May-2022 23:33:44 +0000]: <rfjn33r9> PHP Error: Failed to connect socket: Connection refused (POST /?_task=mail&_unlock=loading1652916824921&_framed=1&_lang=en_GB&_action=send)
[18-May-2022 23:33:44 +0000]: <rfjn33r9> SMTP Error: Connection failed: Failed to connect socket: Connection refused in /var/www/html/roundcubemail/program/lib/Roundcube/rcube.php on line 1702 (POST /?_task=mail&_unlock=loading1652916824921&_framed=1&_lang=en_GB&_action=send)
[18-May-2022 23:41:18 +0000]: <ltelu4su> IMAP Error: Login failed for root against vs.p27.ca from 98.143.66.7. AUTHENTICATE PLAIN: * BYE Internal error occurred. Refer to server log for more information. in /var/www/html/roundcubemail/program/lib/Roundcube/rcube_imap.php on line 200 (POST /roundcubemail/?_task=login&_action=login)
[18-May-2022 23:42:02 +0000]: <bm665ok8> IMAP Error: Login failed for openvpn against vs.p27.ca from 98.143.66.7. AUTHENTICATE PLAIN: Authentication failed. in /var/www/html/roundcubemail/program/lib/Roundcube/rcube_imap.php on line 200 (POST /?_task=login&_action=login)
[18-May-2022 23:42:52 +0000]: <ckbhbi7e> PHP Error: Connection refused (POST /?_task=mail&_unlock=loading1652917372912&_framed=1&_lang=en_GB&_action=send)
[18-May-2022 23:42:52 +0000]: <ckbhbi7e> PHP Error: Failed to connect socket: Connection refused (POST /?_task=mail&_unlock=loading1652917372912&_framed=1&_lang=en_GB&_action=send)
[18-May-2022 23:42:52 +0000]: <ckbhbi7e> SMTP Error: Connection failed: Failed to connect socket: Connection refused in /var/www/html/roundcubemail/program/lib/Roundcube/rcube.php on line 1702 (POST /?_task=mail&_unlock=loading1652917372912&_framed=1&_lang=en_GB&_action=send)
[18-May-2022 23:42:53 +0000]: <ckbhbi7e> PHP Error: Connection refused (POST /?_task=mail&_unlock=loading1652917373398&_framed=1&_lang=en_GB&_action=send)
[18-May-2022 23:42:53 +0000]: <ckbhbi7e> PHP Error: Failed to connect socket: Connection refused (POST /?_task=mail&_unlock=loading1652917373398&_framed=1&_lang=en_GB&_action=send)
[18-May-2022 23:42:53 +0000]: <ckbhbi7e> SMTP Error: Connection failed: Failed to connect socket: Connection refused in /var/www/html/roundcubemail/program/lib/Roundcube/rcube.php on line 1702 (POST /?_task=mail&_unlock=loading1652917373398&_framed=1&_lang=en_GB&_action=send)
[18-May-2022 23:42:53 +0000]: <ckbhbi7e> PHP Error: Connection refused (POST /?_task=mail&_unlock=loading1652917373523&_framed=1&_lang=en_GB&_action=send)
[18-May-2022 23:42:53 +0000]: <ckbhbi7e> PHP Error: Failed to connect socket: Connection refused (POST /?_task=mail&_unlock=loading1652917373523&_framed=1&_lang=en_GB&_action=send)
[18-May-2022 23:42:53 +0000]: <ckbhbi7e> SMTP Error: Connection failed: Failed to connect socket: Connection refused in /var/www/html/roundcubemail/program/lib/Roundcube/rcube.php on line 1702 (POST /?_task=mail&_unlock=loading1652917373523&_framed=1&_lang=en_GB&_action=send)
[18-May-2022 23:42:53 +0000]: <ckbhbi7e> PHP Error: Connection refused (POST /?_task=mail&_unlock=loading1652917373645&_framed=1&_lang=en_GB&_action=send)
[18-May-2022 23:42:53 +0000]: <ckbhbi7e> PHP Error: Failed to connect socket: Connection refused (POST /?_task=mail&_unlock=loading1652917373645&_framed=1&_lang=en_GB&_action=send)
[18-May-2022 23:42:53 +0000]: <ckbhbi7e> SMTP Error: Connection failed: Failed to connect socket: Connection refused in /var/www/html/roundcubemail/program/lib/Roundcube/rcube.php on line 1702 (POST /?_task=mail&_unlock=loading1652917373645&_framed=1&_lang=en_GB&_action=send)
[18-May-2022 23:42:53 +0000]: <ckbhbi7e> PHP Error: Connection refused (POST /?_task=mail&_unlock=loading1652917373767&_framed=1&_lang=en_GB&_action=send)
[18-May-2022 23:42:53 +0000]: <ckbhbi7e> PHP Error: Failed to connect socket: Connection refused (POST /?_task=mail&_unlock=loading1652917373767&_framed=1&_lang=en_GB&_action=send)
[18-May-2022 23:42:53 +0000]: <ckbhbi7e> SMTP Error: Connection failed: Failed to connect socket: Connection refused in /var/www/html/roundcubemail/program/lib/Roundcube/rcube.php on line 1702 (POST /?_task=mail&_unlock=loading1652917373767&_framed=1&_lang=en_GB&_action=send)
[18-May-2022 23:44:11 +0000]: <ckbhbi7e> PHP Error: Connection refused (POST /?_task=mail&_unlock=loading1652917451630&_framed=1&_lang=en_GB&_action=send)
[18-May-2022 23:44:11 +0000]: <ckbhbi7e> PHP Error: Failed to connect socket: Connection refused (POST /?_task=mail&_unlock=loading1652917451630&_framed=1&_lang=en_GB&_action=send)
[18-May-2022 23:44:11 +0000]: <ckbhbi7e> SMTP Error: Connection failed: Failed to connect socket: Connection refused in /var/www/html/roundcubemail/program/lib/Roundcube/rcube.php on line 1702 (POST /?_task=mail&_unlock=loading1652917451630&_framed=1&_lang=en_GB&_action=send)
[18-May-2022 23:44:12 +0000]: <ckbhbi7e> PHP Error: Connection refused (POST /?_task=mail&_unlock=loading1652917452541&_framed=1&_lang=en_GB&_action=send)
[18-May-2022 23:44:12 +0000]: <ckbhbi7e> PHP Error: Failed to connect socket: Connection refused (POST /?_task=mail&_unlock=loading1652917452541&_framed=1&_lang=en_GB&_action=send)
[18-May-2022 23:44:12 +0000]: <ckbhbi7e> SMTP Error: Connection failed: Failed to connect socket: Connection refused in /var/www/html/roundcubemail/program/lib/Roundcube/rcube.php on line 1702 (POST /?_task=mail&_unlock=loading1652917452541&_framed=1&_lang=en_GB&_action=send)
[19-May-2022 13:59:52 +0000]: <l4hjm7r9> PHP Error: Connection refused (POST /roundcubemail/?_task=mail&_unlock=loading1652968786353&_framed=1&_lang=en_GB&_action=send)
[19-May-2022 13:59:52 +0000]: <l4hjm7r9> PHP Error: Failed to connect socket: Connection refused (POST /roundcubemail/?_task=mail&_unlock=loading1652968786353&_framed=1&_lang=en_GB&_action=send)
[19-May-2022 13:59:52 +0000]: <l4hjm7r9> SMTP Error: Connection failed: Failed to connect socket: Connection refused in /var/www/html/roundcubemail/program/lib/Roundcube/rcube.php on line 1702 (POST /roundcubemail/?_task=mail&_unlock=loading1652968786353&_framed=1&_lang=en_GB&_action=send)
[19-May-2022 14:00:52 +0000]: <l4hjm7r9> PHP Error: Connection refused (POST /roundcubemail/?_task=mail&_unlock=loading1652968845977&_framed=1&_lang=en_GB&_action=send)
[19-May-2022 14:00:52 +0000]: <l4hjm7r9> PHP Error: Failed to connect socket: Connection refused (POST /roundcubemail/?_task=mail&_unlock=loading1652968845977&_framed=1&_lang=en_GB&_action=send)
[19-May-2022 14:00:52 +0000]: <l4hjm7r9> SMTP Error: Connection failed: Failed to connect socket: Connection refused in /var/www/html/roundcubemail/program/lib/Roundcube/rcube.php on line 1702 (POST /roundcubemail/?_task=mail&_unlock=loading1652968845977&_framed=1&_lang=en_GB&_action=send)
[19-May-2022 20:09:09 +0000]: <avh7nq1s> PHP Error: Connection refused (POST /roundcubemail/?_task=mail&_unlock=loading1652990942324&_framed=1&_lang=en_GB&_action=send)
[19-May-2022 20:09:09 +0000]: <avh7nq1s> PHP Error: Failed to connect socket: Connection refused (POST /roundcubemail/?_task=mail&_unlock=loading1652990942324&_framed=1&_lang=en_GB&_action=send)
[19-May-2022 20:09:09 +0000]: <avh7nq1s> SMTP Error: Connection failed: Failed to connect socket: Connection refused in /var/www/html/roundcubemail/program/lib/Roundcube/rcube.php on line 1702 (POST /roundcubemail/?_task=mail&_unlock=loading1652990942324&_framed=1&_lang=en_GB&_action=send)
[19-May-2022 20:11:45 +0000]: <qmic732e> PHP Error: Connection refused (POST /roundcubemail/?_task=mail&_unlock=loading1652991098901&_framed=1&_lang=en_GB&_action=send)
[19-May-2022 20:11:45 +0000]: <qmic732e> PHP Error: Failed to connect socket: Connection refused (POST /roundcubemail/?_task=mail&_unlock=loading1652991098901&_framed=1&_lang=en_GB&_action=send)
[19-May-2022 20:11:45 +0000]: <qmic732e> SMTP Error: Connection failed: Failed to connect socket: Connection refused in /var/www/html/roundcubemail/program/lib/Roundcube/rcube.php on line 1702 (POST /roundcubemail/?_task=mail&_unlock=loading1652991098901&_framed=1&_lang=en_GB&_action=send)
[19-May-2022 20:11:46 +0000]: <qmic732e> PHP Error: Connection refused (POST /roundcubemail/?_task=mail&_unlock=loading1652991099830&_framed=1&_lang=en_GB&_action=send)
[19-May-2022 20:11:46 +0000]: <qmic732e> PHP Error: Failed to connect socket: Connection refused (POST /roundcubemail/?_task=mail&_unlock=loading1652991099830&_framed=1&_lang=en_GB&_action=send)
[19-May-2022 20:11:46 +0000]: <qmic732e> SMTP Error: Connection failed: Failed to connect socket: Connection refused in /var/www/html/roundcubemail/program/lib/Roundcube/rcube.php on line 1702 (POST /roundcubemail/?_task=mail&_unlock=loading1652991099830&_framed=1&_lang=en_GB&_action=send)
[19-May-2022 20:11:51 +0000]: <qmic732e> PHP Error: Connection refused (POST /roundcubemail/?_task=mail&_unlock=loading1652991104453&_framed=1&_lang=en_GB&_action=send)
[19-May-2022 20:11:51 +0000]: <qmic732e> PHP Error: Failed to connect socket: Connection refused (POST /roundcubemail/?_task=mail&_unlock=loading1652991104453&_framed=1&_lang=en_GB&_action=send)
[19-May-2022 20:11:51 +0000]: <qmic732e> SMTP Error: Connection failed: Failed to connect socket: Connection refused in /var/www/html/roundcubemail/program/lib/Roundcube/rcube.php on line 1702 (POST /roundcubemail/?_task=mail&_unlock=loading1652991104453&_framed=1&_lang=en_GB&_action=send)
[19-May-2022 20:11:52 +0000]: <qmic732e> PHP Error: Connection refused (POST /roundcubemail/?_task=mail&_unlock=loading1652991105048&_framed=1&_lang=en_GB&_action=send)
[19-May-2022 20:11:52 +0000]: <qmic732e> PHP Error: Failed to connect socket: Connection refused (POST /roundcubemail/?_task=mail&_unlock=loading1652991105048&_framed=1&_lang=en_GB&_action=send)
[19-May-2022 20:11:52 +0000]: <qmic732e> SMTP Error: Connection failed: Failed to connect socket: Connection refused in /var/www/html/roundcubemail/program/lib/Roundcube/rcube.php on line 1702 (POST /roundcubemail/?_task=mail&_unlock=loading1652991105048&_framed=1&_lang=en_GB&_action=send)
[19-May-2022 20:11:52 +0000]: <qmic732e> PHP Error: Connection refused (POST /roundcubemail/?_task=mail&_unlock=loading1652991105466&_framed=1&_lang=en_GB&_action=send)
[19-May-2022 20:11:52 +0000]: <qmic732e> PHP Error: Failed to connect socket: Connection refused (POST /roundcubemail/?_task=mail&_unlock=loading1652991105466&_framed=1&_lang=en_GB&_action=send)
[19-May-2022 20:11:52 +0000]: <qmic732e> SMTP Error: Connection failed: Failed to connect socket: Connection refused in /var/www/html/roundcubemail/program/lib/Roundcube/rcube.php on line 1702 (POST /roundcubemail/?_task=mail&_unlock=loading1652991105466&_framed=1&_lang=en_GB&_action=send)
[19-May-2022 20:11:52 +0000]: <qmic732e> PHP Error: Connection refused (POST /roundcubemail/?_task=mail&_unlock=loading1652991105892&_framed=1&_lang=en_GB&_action=send)
[19-May-2022 20:11:52 +0000]: <qmic732e> PHP Error: Failed to connect socket: Connection refused (POST /roundcubemail/?_task=mail&_unlock=loading1652991105892&_framed=1&_lang=en_GB&_action=send)
[19-May-2022 20:11:52 +0000]: <qmic732e> SMTP Error: Connection failed: Failed to connect socket: Connection refused in /var/www/html/roundcubemail/program/lib/Roundcube/rcube.php on line 1702 (POST /roundcubemail/?_task=mail&_unlock=loading1652991105892&_framed=1&_lang=en_GB&_action=send)
[19-May-2022 20:11:59 +0000]: <qmic732e> PHP Error: Connection refused (POST /roundcubemail/?_task=mail&_unlock=loading1652991112446&_framed=1&_lang=en_GB&_action=send)
[19-May-2022 20:11:59 +0000]: <qmic732e> PHP Error: Failed to connect socket: Connection refused (POST /roundcubemail/?_task=mail&_unlock=loading1652991112446&_framed=1&_lang=en_GB&_action=send)
[19-May-2022 20:11:59 +0000]: <qmic732e> SMTP Error: Connection failed: Failed to connect socket: Connection refused in /var/www/html/roundcubemail/program/lib/Roundcube/rcube.php on line 1702 (POST /roundcubemail/?_task=mail&_unlock=loading1652991112446&_framed=1&_lang=en_GB&_action=send)
[19-May-2022 20:13:55 +0000]: <qmic732e> PHP Error: Connection refused (POST /roundcube/?_task=mail&_unlock=loading1652991228623&_framed=1&_lang=en_GB&_action=send)
[19-May-2022 20:13:55 +0000]: <qmic732e> PHP Error: Failed to connect socket: Connection refused (POST /roundcube/?_task=mail&_unlock=loading1652991228623&_framed=1&_lang=en_GB&_action=send)
[19-May-2022 20:13:55 +0000]: <qmic732e> SMTP Error: Connection failed: Failed to connect socket: Connection refused in /var/www/html/roundcube/program/lib/Roundcube/rcube.php on line 1702 (POST /roundcube/?_task=mail&_unlock=loading1652991228623&_framed=1&_lang=en_GB&_action=send)
[19-May-2022 20:21:39 +0000]: <qmic732e> PHP Error: Connection refused (POST /roundcube/?_task=mail&_unlock=loading1652991692046&_framed=1&_lang=en_GB&_action=send)
[19-May-2022 20:21:39 +0000]: <qmic732e> PHP Error: Failed to connect socket: Connection refused (POST /roundcube/?_task=mail&_unlock=loading1652991692046&_framed=1&_lang=en_GB&_action=send)
[19-May-2022 20:21:39 +0000]: <qmic732e> SMTP Error: Connection failed: Failed to connect socket: Connection refused in /var/www/html/roundcube/program/lib/Roundcube/rcube.php on line 1702 (POST /roundcube/?_task=mail&_unlock=loading1652991692046&_framed=1&_lang=en_GB&_action=send)
[19-May-2022 20:21:41 +0000]: <qmic732e> PHP Error: Connection refused (POST /roundcube/?_task=mail&_unlock=loading1652991694564&_framed=1&_lang=en_GB&_action=send)
[19-May-2022 20:21:41 +0000]: <qmic732e> PHP Error: Failed to connect socket: Connection refused (POST /roundcube/?_task=mail&_unlock=loading1652991694564&_framed=1&_lang=en_GB&_action=send)
[19-May-2022 20:21:41 +0000]: <qmic732e> SMTP Error: Connection failed: Failed to connect socket: Connection refused in /var/www/html/roundcube/program/lib/Roundcube/rcube.php on line 1702 (POST /roundcube/?_task=mail&_unlock=loading1652991694564&_framed=1&_lang=en_GB&_action=send)
[19-May-2022 20:21:41 +0000]: <qmic732e> PHP Error: Connection refused (POST /roundcube/?_task=mail&_unlock=loading1652991694981&_framed=1&_lang=en_GB&_action=send)
[19-May-2022 20:21:41 +0000]: <qmic732e> PHP Error: Failed to connect socket: Connection refused (POST /roundcube/?_task=mail&_unlock=loading1652991694981&_framed=1&_lang=en_GB&_action=send)
[19-May-2022 20:21:41 +0000]: <qmic732e> SMTP Error: Connection failed: Failed to connect socket: Connection refused in /var/www/html/roundcube/program/lib/Roundcube/rcube.php on line 1702 (POST /roundcube/?_task=mail&_unlock=loading1652991694981&_framed=1&_lang=en_GB&_action=send)
[19-May-2022 20:40:15 +0000]: <rjtm4arb> IMAP Error: Login failed for openvpn against vs.p27.ca from 98.143.66.7. AUTHENTICATE PLAIN: Authentication failed. in /var/www/html/roundcube/program/lib/Roundcube/rcube_imap.php on line 200 (POST /roundcube/?_task=login&_action=login)
[19-May-2022 20:40:40 +0000]: <gkhhpo80> PHP Error: Connection refused (POST /roundcube/?_task=mail&_unlock=loading1652992833112&_framed=1&_lang=en_GB&_action=send)
[19-May-2022 20:40:40 +0000]: <gkhhpo80> PHP Error: Failed to connect socket: Connection refused (POST /roundcube/?_task=mail&_unlock=loading1652992833112&_framed=1&_lang=en_GB&_action=send)
[19-May-2022 20:40:40 +0000]: <gkhhpo80> SMTP Error: Connection failed: Failed to connect socket: Connection refused in /var/www/html/roundcube/program/lib/Roundcube/rcube.php on line 1702 (POST /roundcube/?_task=mail&_unlock=loading1652992833112&_framed=1&_lang=en_GB&_action=send)
[19-May-2022 20:43:35 +0000]: <gkhhpo80> PHP Error: Connection refused (POST /roundcube/?_task=mail&_unlock=loading1652993008976&_framed=1&_lang=en_GB&_action=send)
[19-May-2022 20:43:35 +0000]: <gkhhpo80> PHP Error: Failed to connect socket: Connection refused (POST /roundcube/?_task=mail&_unlock=loading1652993008976&_framed=1&_lang=en_GB&_action=send)
[19-May-2022 20:43:35 +0000]: <gkhhpo80> SMTP Error: Connection failed: Failed to connect socket: Connection refused in /var/www/html/roundcube/program/lib/Roundcube/rcube.php on line 1702 (POST /roundcube/?_task=mail&_unlock=loading1652993008976&_framed=1&_lang=en_GB&_action=send)
[19-May-2022 20:45:49 +0000]: <gkhhpo80> PHP Error: Connection refused (POST /roundcube/?_task=mail&_unlock=loading1652993142133&_framed=1&_lang=en_GB&_action=send)
[19-May-2022 20:45:49 +0000]: <gkhhpo80> PHP Error: Failed to connect socket: Connection refused (POST /roundcube/?_task=mail&_unlock=loading1652993142133&_framed=1&_lang=en_GB&_action=send)
[19-May-2022 20:45:49 +0000]: <gkhhpo80> SMTP Error: Connection failed: Failed to connect socket: Connection refused in /var/www/html/roundcube/program/lib/Roundcube/rcube.php on line 1702 (POST /roundcube/?_task=mail&_unlock=loading1652993142133&_framed=1&_lang=en_GB&_action=send)
[19-May-2022 20:45:57 +0000]: <gkhhpo80> PHP Error: Connection refused (POST /roundcube/?_task=mail&_unlock=loading1652993150745&_framed=1&_lang=en_GB&_action=send)
[19-May-2022 20:45:57 +0000]: <gkhhpo80> PHP Error: Failed to connect socket: Connection refused (POST /roundcube/?_task=mail&_unlock=loading1652993150745&_framed=1&_lang=en_GB&_action=send)
[19-May-2022 20:45:57 +0000]: <gkhhpo80> SMTP Error: Connection failed: Failed to connect socket: Connection refused in /var/www/html/roundcube/program/lib/Roundcube/rcube.php on line 1702 (POST /roundcube/?_task=mail&_unlock=loading1652993150745&_framed=1&_lang=en_GB&_action=send)
[19-May-2022 20:45:57 +0000]: <gkhhpo80> PHP Error: Connection refused (POST /roundcube/?_task=mail&_unlock=loading1652993150884&_framed=1&_lang=en_GB&_action=send)
[19-May-2022 20:45:57 +0000]: <gkhhpo80> PHP Error: Failed to connect socket: Connection refused (POST /roundcube/?_task=mail&_unlock=loading1652993150884&_framed=1&_lang=en_GB&_action=send)
[19-May-2022 20:45:57 +0000]: <gkhhpo80> SMTP Error: Connection failed: Failed to connect socket: Connection refused in /var/www/html/roundcube/program/lib/Roundcube/rcube.php on line 1702 (POST /roundcube/?_task=mail&_unlock=loading1652993150884&_framed=1&_lang=en_GB&_action=send)
[19-May-2022 20:45:58 +0000]: <gkhhpo80> PHP Error: Connection refused (POST /roundcube/?_task=mail&_unlock=loading1652993151086&_framed=1&_lang=en_GB&_action=send)
[19-May-2022 20:45:58 +0000]: <gkhhpo80> PHP Error: Failed to connect socket: Connection refused (POST /roundcube/?_task=mail&_unlock=loading1652993151086&_framed=1&_lang=en_GB&_action=send)
[19-May-2022 20:45:58 +0000]: <gkhhpo80> SMTP Error: Connection failed: Failed to connect socket: Connection refused in /var/www/html/roundcube/program/lib/Roundcube/rcube.php on line 1702 (POST /roundcube/?_task=mail&_unlock=loading1652993151086&_framed=1&_lang=en_GB&_action=send)
[20-May-2022 02:54:00 +0000]: <6beb3gcv> PHP Error: Connection refused (POST /roundcube/?_task=mail&_unlock=loading1653015232396&_framed=1&_lang=en_GB&_action=send)
[20-May-2022 02:54:00 +0000]: <6beb3gcv> PHP Error: Failed to connect socket: Connection refused (POST /roundcube/?_task=mail&_unlock=loading1653015232396&_framed=1&_lang=en_GB&_action=send)
[20-May-2022 02:54:00 +0000]: <6beb3gcv> SMTP Error: Connection failed: Failed to connect socket: Connection refused in /var/www/html/roundcube/program/lib/Roundcube/rcube.php on line 1702 (POST /roundcube/?_task=mail&_unlock=loading1653015232396&_framed=1&_lang=en_GB&_action=send)
[20-May-2022 02:54:01 +0000]: <6beb3gcv> PHP Error: Connection refused (POST /roundcube/?_task=mail&_unlock=loading1653015233166&_framed=1&_lang=en_GB&_action=send)
[20-May-2022 02:54:01 +0000]: <6beb3gcv> PHP Error: Failed to connect socket: Connection refused (POST /roundcube/?_task=mail&_unlock=loading1653015233166&_framed=1&_lang=en_GB&_action=send)
[20-May-2022 02:54:01 +0000]: <6beb3gcv> SMTP Error: Connection failed: Failed to connect socket: Connection refused in /var/www/html/roundcube/program/lib/Roundcube/rcube.php on line 1702 (POST /roundcube/?_task=mail&_unlock=loading1653015233166&_framed=1&_lang=en_GB&_action=send)
[20-May-2022 02:54:04 +0000]: <6beb3gcv> PHP Error: Connection refused (POST /roundcube/?_task=mail&_unlock=loading1653015236689&_framed=1&_lang=en_GB&_action=send)
[20-May-2022 02:54:04 +0000]: <6beb3gcv> PHP Error: Failed to connect socket: Connection refused (POST /roundcube/?_task=mail&_unlock=loading1653015236689&_framed=1&_lang=en_GB&_action=send)
[20-May-2022 02:54:04 +0000]: <6beb3gcv> SMTP Error: Connection failed: Failed to connect socket: Connection refused in /var/www/html/roundcube/program/lib/Roundcube/rcube.php on line 1702 (POST /roundcube/?_task=mail&_unlock=loading1653015236689&_framed=1&_lang=en_GB&_action=send)
[20-May-2022 05:21:13 +0000]: <p66cf2d4> PHP Error: Connection refused (POST /roundcube/?_task=mail&_unlock=loading1653024065575&_framed=1&_lang=en_GB&_action=send)
[20-May-2022 05:21:13 +0000]: <p66cf2d4> PHP Error: Failed to connect socket: Connection refused (POST /roundcube/?_task=mail&_unlock=loading1653024065575&_framed=1&_lang=en_GB&_action=send)
[20-May-2022 05:21:13 +0000]: <p66cf2d4> SMTP Error: Connection failed: Failed to connect socket: Connection refused in /var/www/html/roundcube/program/lib/Roundcube/rcube.php on line 1702 (POST /roundcube/?_task=mail&_unlock=loading1653024065575&_framed=1&_lang=en_GB&_action=send)
[20-May-2022 05:21:14 +0000]: <p66cf2d4> PHP Error: Connection refused (POST /roundcube/?_task=mail&_unlock=loading1653024066334&_framed=1&_lang=en_GB&_action=send)
[20-May-2022 05:21:14 +0000]: <p66cf2d4> PHP Error: Failed to connect socket: Connection refused (POST /roundcube/?_task=mail&_unlock=loading1653024066334&_framed=1&_lang=en_GB&_action=send)
[20-May-2022 05:21:14 +0000]: <p66cf2d4> SMTP Error: Connection failed: Failed to connect socket: Connection refused in /var/www/html/roundcube/program/lib/Roundcube/rcube.php on line 1702 (POST /roundcube/?_task=mail&_unlock=loading1653024066334&_framed=1&_lang=en_GB&_action=send)
[20-May-2022 05:21:14 +0000]: <p66cf2d4> PHP Error: Connection refused (POST /roundcube/?_task=mail&_unlock=loading1653024066520&_framed=1&_lang=en_GB&_action=send)
[20-May-2022 05:21:14 +0000]: <p66cf2d4> PHP Error: Failed to connect socket: Connection refused (POST /roundcube/?_task=mail&_unlock=loading1653024066520&_framed=1&_lang=en_GB&_action=send)
[20-May-2022 05:21:14 +0000]: <p66cf2d4> SMTP Error: Connection failed: Failed to connect socket: Connection refused in /var/www/html/roundcube/program/lib/Roundcube/rcube.php on line 1702 (POST /roundcube/?_task=mail&_unlock=loading1653024066520&_framed=1&_lang=en_GB&_action=send)
[20-May-2022 05:25:09 +0000]: <p66cf2d4> PHP Error: Connection refused (POST /roundcube/?_task=mail&_unlock=loading1653024301574&_framed=1&_lang=en_GB&_action=send)
[20-May-2022 05:25:09 +0000]: <p66cf2d4> PHP Error: Failed to connect socket: Connection refused (POST /roundcube/?_task=mail&_unlock=loading1653024301574&_framed=1&_lang=en_GB&_action=send)
[20-May-2022 05:25:09 +0000]: <p66cf2d4> SMTP Error: Connection failed: Failed to connect socket: Connection refused in /var/www/html/roundcube/program/lib/Roundcube/rcube.php on line 1702 (POST /roundcube/?_task=mail&_unlock=loading1653024301574&_framed=1&_lang=en_GB&_action=send)
[20-May-2022 05:25:10 +0000]: <p66cf2d4> PHP Error: Connection refused (POST /roundcube/?_task=mail&_unlock=loading1653024302299&_framed=1&_lang=en_GB&_action=send)
[20-May-2022 05:25:10 +0000]: <p66cf2d4> PHP Error: Failed to connect socket: Connection refused (POST /roundcube/?_task=mail&_unlock=loading1653024302299&_framed=1&_lang=en_GB&_action=send)
[20-May-2022 05:25:10 +0000]: <p66cf2d4> SMTP Error: Connection failed: Failed to connect socket: Connection refused in /var/www/html/roundcube/program/lib/Roundcube/rcube.php on line 1702 (POST /roundcube/?_task=mail&_unlock=loading1653024302299&_framed=1&_lang=en_GB&_action=send)
[20-May-2022 05:25:10 +0000]: <p66cf2d4> PHP Error: Connection refused (POST /roundcube/?_task=mail&_unlock=loading1653024302458&_framed=1&_lang=en_GB&_action=send)
[20-May-2022 05:25:10 +0000]: <p66cf2d4> PHP Error: Failed to connect socket: Connection refused (POST /roundcube/?_task=mail&_unlock=loading1653024302458&_framed=1&_lang=en_GB&_action=send)
[20-May-2022 05:25:10 +0000]: <p66cf2d4> SMTP Error: Connection failed: Failed to connect socket: Connection refused in /var/www/html/roundcube/program/lib/Roundcube/rcube.php on line 1702 (POST /roundcube/?_task=mail&_unlock=loading1653024302458&_framed=1&_lang=en_GB&_action=send)
[20-May-2022 05:25:10 +0000]: <p66cf2d4> PHP Error: Connection refused (POST /roundcube/?_task=mail&_unlock=loading1653024302662&_framed=1&_lang=en_GB&_action=send)
[20-May-2022 05:25:10 +0000]: <p66cf2d4> PHP Error: Failed to connect socket: Connection refused (POST /roundcube/?_task=mail&_unlock=loading1653024302662&_framed=1&_lang=en_GB&_action=send)
[20-May-2022 05:25:10 +0000]: <p66cf2d4> SMTP Error: Connection failed: Failed to connect socket: Connection refused in /var/www/html/roundcube/program/lib/Roundcube/rcube.php on line 1702 (POST /roundcube/?_task=mail&_unlock=loading1653024302662&_framed=1&_lang=en_GB&_action=send)
[20-May-2022 05:25:10 +0000]: <p66cf2d4> PHP Error: Connection refused (POST /roundcube/?_task=mail&_unlock=loading1653024302828&_framed=1&_lang=en_GB&_action=send)
[20-May-2022 05:25:10 +0000]: <p66cf2d4> PHP Error: Failed to connect socket: Connection refused (POST /roundcube/?_task=mail&_unlock=loading1653024302828&_framed=1&_lang=en_GB&_action=send)
[20-May-2022 05:25:10 +0000]: <p66cf2d4> SMTP Error: Connection failed: Failed to connect socket: Connection refused in /var/www/html/roundcube/program/lib/Roundcube/rcube.php on line 1702 (POST /roundcube/?_task=mail&_unlock=loading1653024302828&_framed=1&_lang=en_GB&_action=send)
[20-May-2022 05:28:46 +0000]: <p66cf2d4> PHP Error: Connection refused (POST /roundcube/?_task=mail&_unlock=loading1653024527272&_framed=1&_lang=en_GB&_action=send)
[20-May-2022 05:28:46 +0000]: <p66cf2d4> PHP Error: Failed to connect socket: Connection refused (POST /roundcube/?_task=mail&_unlock=loading1653024527272&_framed=1&_lang=en_GB&_action=send)
[20-May-2022 05:28:46 +0000]: <p66cf2d4> SMTP Error: Connection failed: Failed to connect socket: Connection refused in /var/www/html/roundcube/program/lib/Roundcube/rcube.php on line 1702 (POST /roundcube/?_task=mail&_unlock=loading1653024527272&_framed=1&_lang=en_GB&_action=send)
[20-May-2022 05:28:46 +0000]: <p66cf2d4> PHP Error: Connection refused (POST /roundcube/?_task=mail&_unlock=loading1653024527972&_framed=1&_lang=en_GB&_action=send)
[20-May-2022 05:28:46 +0000]: <p66cf2d4> PHP Error: Failed to connect socket: Connection refused (POST /roundcube/?_task=mail&_unlock=loading1653024527972&_framed=1&_lang=en_GB&_action=send)
[20-May-2022 05:28:46 +0000]: <p66cf2d4> SMTP Error: Connection failed: Failed to connect socket: Connection refused in /var/www/html/roundcube/program/lib/Roundcube/rcube.php on line 1702 (POST /roundcube/?_task=mail&_unlock=loading1653024527972&_framed=1&_lang=en_GB&_action=send)
[20-May-2022 05:28:46 +0000]: <p66cf2d4> PHP Error: Connection refused (POST /roundcube/?_task=mail&_unlock=loading1653024528139&_framed=1&_lang=en_GB&_action=send)
[20-May-2022 05:28:46 +0000]: <p66cf2d4> PHP Error: Failed to connect socket: Connection refused (POST /roundcube/?_task=mail&_unlock=loading1653024528139&_framed=1&_lang=en_GB&_action=send)
[20-May-2022 05:28:46 +0000]: <p66cf2d4> SMTP Error: Connection failed: Failed to connect socket: Connection refused in /var/www/html/roundcube/program/lib/Roundcube/rcube.php on line 1702 (POST /roundcube/?_task=mail&_unlock=loading1653024528139&_framed=1&_lang=en_GB&_action=send)
[20-May-2022 05:28:47 +0000]: <p66cf2d4> PHP Error: Connection refused (POST /roundcube/?_task=mail&_unlock=loading1653024528334&_framed=1&_lang=en_GB&_action=send)
[20-May-2022 05:28:47 +0000]: <p66cf2d4> PHP Error: Failed to connect socket: Connection refused (POST /roundcube/?_task=mail&_unlock=loading1653024528334&_framed=1&_lang=en_GB&_action=send)
[20-May-2022 05:28:47 +0000]: <p66cf2d4> SMTP Error: Connection failed: Failed to connect socket: Connection refused in /var/www/html/roundcube/program/lib/Roundcube/rcube.php on line 1702 (POST /roundcube/?_task=mail&_unlock=loading1653024528334&_framed=1&_lang=en_GB&_action=send)
[20-May-2022 05:28:47 +0000]: <p66cf2d4> PHP Error: Connection refused (POST /roundcube/?_task=mail&_unlock=loading1653024528515&_framed=1&_lang=en_GB&_action=send)
[20-May-2022 05:28:47 +0000]: <p66cf2d4> PHP Error: Failed to connect socket: Connection refused (POST /roundcube/?_task=mail&_unlock=loading1653024528515&_framed=1&_lang=en_GB&_action=send)
[20-May-2022 05:28:47 +0000]: <p66cf2d4> SMTP Error: Connection failed: Failed to connect socket: Connection refused in /var/www/html/roundcube/program/lib/Roundcube/rcube.php on line 1702 (POST /roundcube/?_task=mail&_unlock=loading1653024528515&_framed=1&_lang=en_GB&_action=send)
[20-May-2022 05:28:47 +0000]: <p66cf2d4> PHP Error: Connection refused (POST /roundcube/?_task=mail&_unlock=loading1653024528706&_framed=1&_lang=en_GB&_action=send)
[20-May-2022 05:28:47 +0000]: <p66cf2d4> PHP Error: Failed to connect socket: Connection refused (POST /roundcube/?_task=mail&_unlock=loading1653024528706&_framed=1&_lang=en_GB&_action=send)
[20-May-2022 05:28:47 +0000]: <p66cf2d4> SMTP Error: Connection failed: Failed to connect socket: Connection refused in /var/www/html/roundcube/program/lib/Roundcube/rcube.php on line 1702 (POST /roundcube/?_task=mail&_unlock=loading1653024528706&_framed=1&_lang=en_GB&_action=send)
[20-May-2022 05:28:47 +0000]: <p66cf2d4> PHP Error: Connection refused (POST /roundcube/?_task=mail&_unlock=loading1653024528906&_framed=1&_lang=en_GB&_action=send)
[20-May-2022 05:28:47 +0000]: <p66cf2d4> PHP Error: Failed to connect socket: Connection refused (POST /roundcube/?_task=mail&_unlock=loading1653024528906&_framed=1&_lang=en_GB&_action=send)
[20-May-2022 05:28:47 +0000]: <p66cf2d4> SMTP Error: Connection failed: Failed to connect socket: Connection refused in /var/www/html/roundcube/program/lib/Roundcube/rcube.php on line 1702 (POST /roundcube/?_task=mail&_unlock=loading1653024528906&_framed=1&_lang=en_GB&_action=send)
[20-May-2022 05:29:28 +0000]: <p66cf2d4> PHP Error: Connection refused (POST /roundcube/?_task=mail&_unlock=loading1653024569607&_framed=1&_lang=en_GB&_action=send)
[20-May-2022 05:29:28 +0000]: <p66cf2d4> PHP Error: Failed to connect socket: Connection refused (POST /roundcube/?_task=mail&_unlock=loading1653024569607&_framed=1&_lang=en_GB&_action=send)
[20-May-2022 05:29:28 +0000]: <p66cf2d4> SMTP Error: Connection failed: Failed to connect socket: Connection refused in /var/www/html/roundcube/program/lib/Roundcube/rcube.php on line 1702 (POST /roundcube/?_task=mail&_unlock=loading1653024569607&_framed=1&_lang=en_GB&_action=send)
[20-May-2022 05:30:26 +0000]: <p66cf2d4> PHP Error: Connection refused (POST /roundcube/?_task=mail&_unlock=loading1653024627989&_framed=1&_lang=en_GB&_action=send)
[20-May-2022 05:30:26 +0000]: <p66cf2d4> PHP Error: Failed to connect socket: Connection refused (POST /roundcube/?_task=mail&_unlock=loading1653024627989&_framed=1&_lang=en_GB&_action=send)
[20-May-2022 05:30:26 +0000]: <p66cf2d4> SMTP Error: Connection failed: Failed to connect socket: Connection refused in /var/www/html/roundcube/program/lib/Roundcube/rcube.php on line 1702 (POST /roundcube/?_task=mail&_unlock=loading1653024627989&_framed=1&_lang=en_GB&_action=send)
[20-May-2022 05:34:43 +0000]: <p66cf2d4> PHP Error: Connection refused (POST /roundcube/?_task=mail&_unlock=loading1653024884678&_framed=1&_lang=en_GB&_action=send)
[20-May-2022 05:34:43 +0000]: <p66cf2d4> PHP Error: Failed to connect socket: Connection refused (POST /roundcube/?_task=mail&_unlock=loading1653024884678&_framed=1&_lang=en_GB&_action=send)
[20-May-2022 05:34:43 +0000]: <p66cf2d4> SMTP Error: Connection failed: Failed to connect socket: Connection refused in /var/www/html/roundcube/program/lib/Roundcube/rcube.php on line 1702 (POST /roundcube/?_task=mail&_unlock=loading1653024884678&_framed=1&_lang=en_GB&_action=send)
[20-May-2022 05:46:09 +0000]: <p66cf2d4> PHP Error: Connection refused (POST /roundcube/?_task=mail&_unlock=loading1653025570525&_framed=1&_lang=en_GB&_action=send)
[20-May-2022 05:46:09 +0000]: <p66cf2d4> PHP Error: Failed to connect socket: Connection refused (POST /roundcube/?_task=mail&_unlock=loading1653025570525&_framed=1&_lang=en_GB&_action=send)
[20-May-2022 05:46:09 +0000]: <p66cf2d4> SMTP Error: Connection failed: Failed to connect socket: Connection refused in /var/www/html/roundcube/program/lib/Roundcube/rcube.php on line 1702 (POST /roundcube/?_task=mail&_unlock=loading1653025570525&_framed=1&_lang=en_GB&_action=send)
[20-May-2022 05:51:12 +0000]: <p66cf2d4> PHP Error: Connection refused (POST /roundcube/?_task=mail&_unlock=loading1653025873612&_framed=1&_lang=en_GB&_action=send)
[20-May-2022 05:51:12 +0000]: <p66cf2d4> PHP Error: Failed to connect socket: Connection refused (POST /roundcube/?_task=mail&_unlock=loading1653025873612&_framed=1&_lang=en_GB&_action=send)
[20-May-2022 05:51:12 +0000]: <p66cf2d4> SMTP Error: Connection failed: Failed to connect socket: Connection refused in /var/www/html/roundcube/program/lib/Roundcube/rcube.php on line 1702 (POST /roundcube/?_task=mail&_unlock=loading1653025873612&_framed=1&_lang=en_GB&_action=send)
[03-Jun-2022 10:20:14 +0000]: <88j7ptqg> PHP Error: Connection refused (POST /roundcube/?_task=mail&_unlock=loading1654251567539&_framed=1&_lang=en_GB&_action=send)
[03-Jun-2022 10:20:14 +0000]: <88j7ptqg> PHP Error: Failed to connect socket: Connection refused (POST /roundcube/?_task=mail&_unlock=loading1654251567539&_framed=1&_lang=en_GB&_action=send)
[03-Jun-2022 10:20:14 +0000]: <88j7ptqg> SMTP Error: Connection failed: Failed to connect socket: Connection refused in /var/www/html/roundcube/program/lib/Roundcube/rcube.php on line 1702 (POST /roundcube/?_task=mail&_unlock=loading1654251567539&_framed=1&_lang=en_GB&_action=send)
[03-Jun-2022 10:20:36 +0000]: <88j7ptqg> PHP Error: Connection refused (POST /roundcube/?_task=mail&_unlock=loading1654251589337&_framed=1&_lang=en_GB&_action=send)
[03-Jun-2022 10:20:36 +0000]: <88j7ptqg> PHP Error: Failed to connect socket: Connection refused (POST /roundcube/?_task=mail&_unlock=loading1654251589337&_framed=1&_lang=en_GB&_action=send)
[03-Jun-2022 10:20:36 +0000]: <88j7ptqg> SMTP Error: Connection failed: Failed to connect socket: Connection refused in /var/www/html/roundcube/program/lib/Roundcube/rcube.php on line 1702 (POST /roundcube/?_task=mail&_unlock=loading1654251589337&_framed=1&_lang=en_GB&_action=send)
[03-Jun-2022 10:20:43 +0000]: <88j7ptqg> PHP Error: Connection refused (POST /roundcube/?_task=mail&_unlock=loading1654251596546&_framed=1&_lang=en_GB&_action=send)
[03-Jun-2022 10:20:43 +0000]: <88j7ptqg> PHP Error: Failed to connect socket: Connection refused (POST /roundcube/?_task=mail&_unlock=loading1654251596546&_framed=1&_lang=en_GB&_action=send)
[03-Jun-2022 10:20:43 +0000]: <88j7ptqg> SMTP Error: Connection failed: Failed to connect socket: Connection refused in /var/www/html/roundcube/program/lib/Roundcube/rcube.php on line 1702 (POST /roundcube/?_task=mail&_unlock=loading1654251596546&_framed=1&_lang=en_GB&_action=send)
[03-Jun-2022 10:21:57 +0000]: <88j7ptqg> PHP Error: Connection refused (POST /roundcube/?_task=mail&_unlock=loading1654251670562&_framed=1&_lang=en_GB&_action=send)
[03-Jun-2022 10:21:57 +0000]: <88j7ptqg> PHP Error: Failed to connect socket: Connection refused (POST /roundcube/?_task=mail&_unlock=loading1654251670562&_framed=1&_lang=en_GB&_action=send)
[03-Jun-2022 10:21:57 +0000]: <88j7ptqg> SMTP Error: Connection failed: Failed to connect socket: Connection refused in /var/www/html/roundcube/program/lib/Roundcube/rcube.php on line 1702 (POST /roundcube/?_task=mail&_unlock=loading1654251670562&_framed=1&_lang=en_GB&_action=send)
[03-Jun-2022 10:23:27 +0000]: <88j7ptqg> PHP Error: Invalid compose ID in /var/www/html/roundcube/program/steps/mail/sendmail.inc on line 31 (POST /roundcube/?_task=mail&_unlock=loading1654251760739&_framed=1&_lang=en_GB&_action=send)
[03-Jun-2022 10:35:46 +0000]: <88j7ptqg> IMAP Error: Login failed for root against p27.ca from 216.8.129.1. AUTHENTICATE PLAIN: * BYE Internal error occurred. Refer to server log for more information. in /var/www/html/roundcube/program/lib/Roundcube/rcube_imap.php on line 200 (POST /roundcube/?_task=login&_action=login)
[04-Jun-2022 03:40:05 +0000]: <t3fo9iik> PHP Error: Invalid response code received from server (POST /roundcube/?_task=mail&_unlock=loading1654313957317&_framed=1&_lang=en_GB&_action=send)
[04-Jun-2022 03:40:05 +0000]: <t3fo9iik> SMTP Error: Authentication failure: Invalid response code received from server (Code: 535) in /var/www/html/roundcube/program/lib/Roundcube/rcube.php on line 1702 (POST /roundcube/?_task=mail&_unlock=loading1654313957317&_framed=1&_lang=en_GB&_action=send)
[04-Jun-2022 03:40:16 +0000]: <t3fo9iik> PHP Error: Invalid response code received from server (POST /roundcube/?_task=mail&_unlock=loading1654313969141&_framed=1&_lang=en_GB&_action=send)
[04-Jun-2022 03:40:16 +0000]: <t3fo9iik> SMTP Error: Authentication failure: Invalid response code received from server (Code: 535) in /var/www/html/roundcube/program/lib/Roundcube/rcube.php on line 1702 (POST /roundcube/?_task=mail&_unlock=loading1654313969141&_framed=1&_lang=en_GB&_action=send)
[04-Jun-2022 03:40:35 +0000]: <t3fo9iik> PHP Error: Invalid response code received from server (POST /roundcube/?_task=mail&_unlock=loading1654313987594&_framed=1&_lang=en_GB&_action=send)
[04-Jun-2022 03:40:35 +0000]: <t3fo9iik> SMTP Error: Authentication failure: Invalid response code received from server (Code: 535) in /var/www/html/roundcube/program/lib/Roundcube/rcube.php on line 1702 (POST /roundcube/?_task=mail&_unlock=loading1654313987594&_framed=1&_lang=en_GB&_action=send)
[04-Jun-2022 03:40:36 +0000]: <t3fo9iik> PHP Error: Invalid response code received from server (POST /roundcube/?_task=mail&_unlock=loading1654313988382&_framed=1&_lang=en_GB&_action=send)
[04-Jun-2022 03:40:36 +0000]: <t3fo9iik> SMTP Error: Authentication failure: Invalid response code received from server (Code: 535) in /var/www/html/roundcube/program/lib/Roundcube/rcube.php on line 1702 (POST /roundcube/?_task=mail&_unlock=loading1654313988382&_framed=1&_lang=en_GB&_action=send)
[04-Jun-2022 03:40:36 +0000]: <t3fo9iik> PHP Error: Invalid response code received from server (POST /roundcube/?_task=mail&_unlock=loading1654313988541&_framed=1&_lang=en_GB&_action=send)
[04-Jun-2022 03:40:36 +0000]: <t3fo9iik> SMTP Error: Authentication failure: Invalid response code received from server (Code: 535) in /var/www/html/roundcube/program/lib/Roundcube/rcube.php on line 1702 (POST /roundcube/?_task=mail&_unlock=loading1654313988541&_framed=1&_lang=en_GB&_action=send)
[04-Jun-2022 03:40:58 +0000]: <0c9hcq18> PHP Error: Invalid response code received from server (POST /roundcube/?_task=mail&_unlock=loading1654314011246&_framed=1&_lang=en_GB&_action=send)
[04-Jun-2022 03:40:58 +0000]: <0c9hcq18> SMTP Error: Authentication failure: Invalid response code received from server (Code: 535) in /var/www/html/roundcube/program/lib/Roundcube/rcube.php on line 1702 (POST /roundcube/?_task=mail&_unlock=loading1654314011246&_framed=1&_lang=en_GB&_action=send)
[08-Jun-2022 17:04:41 +0000]: <4lreevtp> IMAP Error: Login failed for root against p27.ca from 207.236.12.71. AUTHENTICATE PLAIN: * BYE Internal error occurred. Refer to server log for more information. in /var/www/html/roundcube/program/lib/Roundcube/rcube_imap.php on line 200 (POST /roundcube/?_task=login&_action=login)
[08-Jun-2022 17:05:21 +0000]: <06uhjje0> PHP Error: Invalid response code received from server (POST /roundcube/?_task=mail&_unlock=loading1654707853853&_framed=1&_lang=en_GB&_action=send)
[08-Jun-2022 17:05:21 +0000]: <06uhjje0> SMTP Error: Authentication failure: Invalid response code received from server (Code: 535) in /var/www/html/roundcube/program/lib/Roundcube/rcube.php on line 1702 (POST /roundcube/?_task=mail&_unlock=loading1654707853853&_framed=1&_lang=en_GB&_action=send)
[08-Jun-2022 19:18:18 +0000]: <neelan5b> PHP Error: Invalid response code received from server (POST /roundcube/?_task=mail&_unlock=loading1654715831561&_framed=1&_lang=en_GB&_action=send)
[08-Jun-2022 19:18:18 +0000]: <neelan5b> SMTP Error: Authentication failure: Invalid response code received from server (Code: 535) in /var/www/html/roundcube/program/lib/Roundcube/rcube.php on line 1702 (POST /roundcube/?_task=mail&_unlock=loading1654715831561&_framed=1&_lang=en_GB&_action=send)
[08-Jun-2022 19:18:19 +0000]: <neelan5b> PHP Error: Invalid response code received from server (POST /roundcube/?_task=mail&_unlock=loading1654715832357&_framed=1&_lang=en_GB&_action=send)
[08-Jun-2022 19:18:19 +0000]: <neelan5b> SMTP Error: Authentication failure: Invalid response code received from server (Code: 535) in /var/www/html/roundcube/program/lib/Roundcube/rcube.php on line 1702 (POST /roundcube/?_task=mail&_unlock=loading1654715832357&_framed=1&_lang=en_GB&_action=send)
[15-Jun-2022 00:12:56 +0000]: <6bd9moi5> PHP Error: Invalid compose ID in /var/www/html/roundcube/program/steps/mail/sendmail.inc on line 31 (POST /roundcube/?_task=mail&_unlock=loading1655251886646&_framed=1&_lang=en_GB&_action=send)
